#
# There is insufficient memory for the Java Runtime Environment to continue.
# Native memory allocation (malloc) failed to allocate 1166576 bytes for Chunk::new
# Possible reasons:
#   The system is out of physical RAM or swap space
#   In 32 bit mode, the process size limit was hit
# Possible solutions:
#   Reduce memory load on the system
#   Increase physical memory or swap space
#   Check if swap backing store is full
#   Use 64 bit Java on a 64 bit OS
#   Decrease Java heap size (-Xmx/-Xms)
#   Decrease number of Java threads
#   Decrease Java thread stack sizes (-Xss)
#   Set larger code cache with -XX:ReservedCodeCacheSize=
# This output file may be truncated or incomplete.
#
#  Out of Memory Error (allocation.cpp:390), pid=7568, tid=13980
#
# JRE version: Java(TM) SE Runtime Environment (8.0_65-b17) (build 1.8.0_65-b17)
# Java VM: Java HotSpot(TM) 64-Bit Server VM (25.65-b01 mixed mode windows-amd64 compressed oops)
# Failed to write core dump. Minidumps are not enabled by default on client versions of Windows
#

---------------  T H R E A D  ---------------

Current thread (0x0000000014238800):  JavaThread "C2 CompilerThread0" daemon [_thread_in_native, id=13980, stack(0x0000000015eb0000,0x0000000015fb0000)]

Stack: [0x0000000015eb0000,0x0000000015fb0000]
[error occurred during error reporting (printing stack bounds), id 0xc0000005]

Native frames: (J=compiled Java code, j=interpreted, Vv=VM code, C=native code)


Current CompileTask:
C2: 373318 13556       4       com.android.tools.r8.dex.r::a (569 bytes)


---------------  P R O C E S S  ---------------

Java Threads: ( => current thread )
  0x000000001dc57000 JavaThread "ForkJoinPool-1-worker-6" daemon [_thread_blocked, id=20152, stack(0x0000000021030000,0x0000000021130000)]
  0x000000001dc54800 JavaThread "ForkJoinPool-1-worker-5" daemon [_thread_blocked, id=9204, stack(0x0000000020a00000,0x0000000020b00000)]
  0x000000001dc56000 JavaThread "ForkJoinPool-1-worker-4" daemon [_thread_blocked, id=14672, stack(0x0000000020d90000,0x0000000020e90000)]
  0x000000001dc55800 JavaThread "ForkJoinPool-1-worker-3" daemon [_thread_blocked, id=19132, stack(0x0000000020c90000,0x0000000020d90000)]
  0x000000001dc4d000 JavaThread "ForkJoinPool-1-worker-2" daemon [_thread_blocked, id=9864, stack(0x0000000020b90000,0x0000000020c90000)]
  0x000000001dc52800 JavaThread "ForkJoinPool-1-worker-1" daemon [_thread_in_Java, id=5856, stack(0x0000000020900000,0x0000000020a00000)]
  0x000000001dc51800 JavaThread "WorkerExecutor Queue Thread 7" [_thread_blocked, id=14780, stack(0x0000000020600000,0x0000000020700000)]
  0x000000001dc50000 JavaThread "WorkerExecutor Queue Thread 6" [_thread_blocked, id=12780, stack(0x0000000020300000,0x0000000020400000)]
  0x000000001dc4c800 JavaThread "WorkerExecutor Queue Thread 5" [_thread_blocked, id=19792, stack(0x000000001d0b0000,0x000000001d1b0000)]
  0x000000001dc4e800 JavaThread "WorkerExecutor Queue Thread 4" [_thread_blocked, id=9544, stack(0x0000000000e80000,0x0000000000f80000)]
  0x000000001dc4f800 JavaThread "WorkerExecutor Queue Thread 3" [_thread_blocked, id=16816, stack(0x0000000000d80000,0x0000000000e80000)]
  0x000000001afe3000 JavaThread "WorkerExecutor Queue" [_thread_blocked, id=20908, stack(0x0000000026c20000,0x0000000026d20000)]
  0x000000001afde800 JavaThread "Cache worker for execution history cache (D:\Projects\Honda\New folder\ScanDemo\android\.gradle\6.9\executionHistory)" [_thread_blocked, id=15352, stack(0x000000002a330000,0x000000002a430000)]
  0x000000001afe1800 JavaThread "Execution worker for ':' Thread 5" [_thread_in_native, id=4552, stack(0x000000002a040000,0x000000002a140000)]
  0x000000001afde000 JavaThread "Execution worker for ':' Thread 4" [_thread_blocked, id=16616, stack(0x0000000029f40000,0x000000002a040000)]
  0x000000001afe2800 JavaThread "Execution worker for ':' Thread 3" [_thread_blocked, id=9072, stack(0x0000000029e40000,0x0000000029f40000)]
  0x000000001afe1000 JavaThread "Execution worker for ':' Thread 2" [_thread_blocked, id=16224, stack(0x0000000029d40000,0x0000000029e40000)]
  0x000000001afd9800 JavaThread "Execution worker for ':'" [_thread_blocked, id=13416, stack(0x00000000279f0000,0x0000000027af0000)]
  0x000000001afdd000 JavaThread "build event listener" [_thread_blocked, id=4376, stack(0x0000000025160000,0x0000000025260000)]
  0x000000001afdf800 JavaThread "Memory manager" [_thread_blocked, id=17356, stack(0x000000001fa00000,0x000000001fb00000)]
  0x000000001778d800 JavaThread "Build operations Thread 6" [_thread_blocked, id=21324, stack(0x000000001f900000,0x000000001fa00000)]
  0x0000000017792000 JavaThread "Build operations Thread 5" [_thread_blocked, id=17296, stack(0x000000001f800000,0x000000001f900000)]
  0x0000000017794000 JavaThread "Build operations Thread 4" [_thread_blocked, id=1192, stack(0x000000001f700000,0x000000001f800000)]
  0x000000001778f000 JavaThread "Build operations Thread 3" [_thread_blocked, id=18372, stack(0x000000001f600000,0x000000001f700000)]
  0x0000000017792800 JavaThread "Build operations Thread 2" [_thread_blocked, id=10732, stack(0x000000001f500000,0x000000001f600000)]
  0x0000000017790800 JavaThread "Build operations" [_thread_blocked, id=20620, stack(0x000000001f400000,0x000000001f500000)]
  0x000000001778e000 JavaThread "Cache worker for Build Output Cleanup Cache (D:\Projects\Honda\New folder\ScanDemo\android\.gradle\buildOutputCleanup)" [_thread_blocked, id=1848, stack(0x0000000000f80000,0x0000000001080000)]
  0x000000001706d000 JavaThread "Cache worker for file content cache (C:\Users\hailt\.gradle\caches\6.9\fileContent)" [_thread_blocked, id=10828, stack(0x000000001d440000,0x000000001d540000)]
  0x000000001706e800 JavaThread "Cache worker for execution history cache (C:\Users\hailt\.gradle\caches\6.9\executionHistory)" [_thread_blocked, id=20056, stack(0x000000001cfb0000,0x000000001d0b0000)]
  0x000000001706a000 JavaThread "Cache worker for cache directory md-rule (C:\Users\hailt\.gradle\caches\6.9\md-rule)" [_thread_blocked, id=13424, stack(0x000000001ceb0000,0x000000001cfb0000)]
  0x0000000017071000 JavaThread "Cache worker for cache directory md-supplier (C:\Users\hailt\.gradle\caches\6.9\md-supplier)" [_thread_blocked, id=16652, stack(0x000000001cbb0000,0x000000001ccb0000)]
  0x0000000017070000 JavaThread "Cache worker for checksums cache (D:\Projects\Honda\New folder\ScanDemo\android\.gradle\checksums)" [_thread_blocked, id=2336, stack(0x000000001a9d0000,0x000000001aad0000)]
  0x000000001706c800 JavaThread "Cache worker for file hash cache (D:\Projects\Honda\New folder\ScanDemo\android\.gradle\6.9\fileHashes)" [_thread_blocked, id=1812, stack(0x000000001a8d0000,0x000000001a9d0000)]
  0x000000001706b000 JavaThread "Cache worker for journal cache (C:\Users\hailt\.gradle\caches\journal-1)" [_thread_blocked, id=3708, stack(0x000000001ab10000,0x000000001ac10000)]
  0x000000001706f800 JavaThread "File lock request listener" [_thread_in_native, id=2060, stack(0x000000001a5d0000,0x000000001a6d0000)]
  0x000000001706e000 JavaThread "Cache worker for file hash cache (C:\Users\hailt\.gradle\caches\6.9\fileHashes)" [_thread_blocked, id=10164, stack(0x000000001a3d0000,0x000000001a4d0000)]
  0x0000000016f15800 JavaThread "Daemon client event forwarder" [_thread_blocked, id=17924, stack(0x000000001a0d0000,0x000000001a1d0000)]
  0x0000000016f18800 JavaThread "Stdin handler" [_thread_blocked, id=7936, stack(0x0000000019fd0000,0x000000001a0d0000)]
  0x0000000016f69000 JavaThread "Asynchronous log dispatcher for DefaultDaemonConnection: socket connection from /127.0.0.1:50750 to /127.0.0.1:50752" [_thread_blocked, id=14508, stack(0x0000000019ed0000,0x0000000019fd0000)]
  0x00000000171d6000 JavaThread "Daemon worker" [_thread_in_native, id=15832, stack(0x0000000019dd0000,0x0000000019ed0000)]
  0x00000000171d4800 JavaThread "Cancel handler" [_thread_blocked, id=20660, stack(0x0000000019cd0000,0x0000000019dd0000)]
  0x000000001724e800 JavaThread "Handler for socket connection from /127.0.0.1:50750 to /127.0.0.1:50752" [_thread_in_native, id=14684, stack(0x00000000199d0000,0x0000000019ad0000)]
  0x00000000176ce800 JavaThread "Daemon" [_thread_blocked, id=8844, stack(0x00000000198d0000,0x00000000199d0000)]
  0x00000000176cb000 JavaThread "Daemon periodic checks" [_thread_blocked, id=10792, stack(0x00000000197d0000,0x00000000198d0000)]
  0x00000000170cc000 JavaThread "Incoming local TCP Connector on port 50750" [_thread_in_native, id=4024, stack(0x0000000019590000,0x0000000019690000)]
  0x0000000017ffd800 JavaThread "Daemon health stats" [_thread_blocked, id=11336, stack(0x0000000018f50000,0x0000000019050000)]
  0x0000000016220000 JavaThread "Service Thread" daemon [_thread_blocked, id=10364, stack(0x00000000165b0000,0x00000000166b0000)]
  0x0000000014240000 JavaThread "C1 CompilerThread2" daemon [_thread_blocked, id=19272, stack(0x00000000160b0000,0x00000000161b0000)]
  0x000000001423b000 JavaThread "C2 CompilerThread1" daemon [_thread_in_native, id=8604, stack(0x0000000015fb0000,0x00000000160b0000)]
=>0x0000000014238800 JavaThread "C2 CompilerThread0" daemon [_thread_in_native, id=13980, stack(0x0000000015eb0000,0x0000000015fb0000)]
  0x0000000014233800 JavaThread "Attach Listener" daemon [_thread_blocked, id=5976, stack(0x0000000015db0000,0x0000000015eb0000)]
  0x0000000014232800 JavaThread "Signal Dispatcher" daemon [_thread_blocked, id=13800, stack(0x0000000015cb0000,0x0000000015db0000)]
  0x0000000002b99000 JavaThread "Finalizer" daemon [_thread_blocked, id=5092, stack(0x0000000015ab0000,0x0000000015bb0000)]
  0x0000000002b92000 JavaThread "Reference Handler" daemon [_thread_blocked, id=20328, stack(0x00000000159b0000,0x0000000015ab0000)]
  0x0000000002bce800 JavaThread "main" [_thread_blocked, id=15100, stack(0x0000000002960000,0x0000000002a60000)]

Other Threads:
  0x00000000141f8000 VMThread [stack: 0x00000000158b0000,0x00000000159b0000] [id=10032]
  0x0000000016239000 WatcherThread [stack: 0x00000000166b0000,0x00000000167b0000] [id=12664]

VM state:not at safepoint (normal execution)

VM Mutex/Monitor currently owned by a thread: None

Heap:
 PSYoungGen      total 125952K, used 72987K [0x00000000f5580000, 0x0000000100000000, 0x0000000100000000)
  eden space 77312K, 94% used [0x00000000f5580000,0x00000000f9cc6e38,0x00000000fa100000)
  from space 48640K, 0% used [0x00000000fa100000,0x00000000fa100000,0x00000000fd080000)
  to   space 46592K, 0% used [0x00000000fd280000,0x00000000fd280000,0x0000000100000000)
 ParOldGen       total 286720K, used 153905K [0x00000000e0000000, 0x00000000f1800000, 0x00000000f5580000)
  object space 286720K, 53% used [0x00000000e0000000,0x00000000e964c438,0x00000000f1800000)
 Metaspace       used 89781K, capacity 94594K, committed 95104K, reserved 1130496K
  class space    used 12591K, capacity 13526K, committed 13696K, reserved 1048576K

Card table byte_map: [0x0000000011f90000,0x00000000120a0000] byte_map_base: 0x0000000011890000

Marking Bits: (ParMarkBitMap*) 0x000000007347a5b0
 Begin Bits: [0x0000000012750000, 0x0000000012f50000)
 End Bits:   [0x0000000012f50000, 0x0000000013750000)

Polling page: 0x0000000001090000

CodeCache: size=245760Kb used=36346Kb max_used=36350Kb free=209413Kb
 bounds [0x0000000002bd0000, 0x0000000004f80000, 0x0000000011bd0000]
 total_blobs=12406 nmethods=11544 adapters=773
 compilation: enabled

Compilation events (10 events):
Event: 373.302 Thread 0x0000000014240000 13572       3       com.android.tools.r8.code.J1::D (4 bytes)
Event: 373.302 Thread 0x0000000014240000 nmethod 13572 0x0000000004acab10 code [0x0000000004acac60, 0x0000000004acadb0]
Event: 373.303 Thread 0x0000000014240000 13573       3       com.android.tools.r8.graph.S$j::compareTo (9 bytes)
Event: 373.303 Thread 0x0000000014240000 nmethod 13573 0x0000000004aca150 code [0x0000000004aca300, 0x0000000004aca918]
Event: 373.303 Thread 0x0000000014240000 13575       1       com.android.tools.r8.code.q0::q (4 bytes)
Event: 373.303 Thread 0x0000000014240000 nmethod 13575 0x0000000004ac9e90 code [0x0000000004ac9fe0, 0x0000000004aca0f0]
Event: 373.303 Thread 0x0000000014240000 13574       1       com.android.tools.r8.code.g1::q (3 bytes)
Event: 373.303 Thread 0x0000000014240000 nmethod 13574 0x0000000004ac9bd0 code [0x0000000004ac9d20, 0x0000000004ac9e30]
Event: 373.307 Thread 0x0000000014240000 13578       1       com.android.tools.r8.code.t::q (4 bytes)
Event: 373.307 Thread 0x0000000014240000 nmethod 13578 0x0000000004ac9910 code [0x0000000004ac9a60, 0x0000000004ac9b70]

GC Heap History (10 events):
Event: 363.443 GC heap before
{Heap before GC invocations=19 (full 3):
 PSYoungGen      total 143360K, used 142940K [0x00000000f5580000, 0x00000000ffd00000, 0x0000000100000000)
  eden space 131584K, 100% used [0x00000000f5580000,0x00000000fd600000,0x00000000fd600000)
  from space 11776K, 96% used [0x00000000fd600000,0x00000000fe117078,0x00000000fe180000)
  to   space 19968K, 0% used [0x00000000fe980000,0x00000000fe980000,0x00000000ffd00000)
 ParOldGen       total 175104K, used 61613K [0x00000000e0000000, 0x00000000eab00000, 0x00000000f5580000)
  object space 175104K, 35% used [0x00000000e0000000,0x00000000e3c2b530,0x00000000eab00000)
 Metaspace       used 83752K, capacity 88076K, committed 88320K, reserved 1124352K
  class space    used 11662K, capacity 12537K, committed 12544K, reserved 1048576K
Event: 363.585 GC heap after
Heap after GC invocations=19 (full 3):
 PSYoungGen      total 148992K, used 19200K [0x00000000f5580000, 0x0000000100000000, 0x0000000100000000)
  eden space 129024K, 0% used [0x00000000f5580000,0x00000000f5580000,0x00000000fd380000)
  from space 19968K, 96% used [0x00000000fe980000,0x00000000ffc40128,0x00000000ffd00000)
  to   space 22528K, 0% used [0x00000000fd380000,0x00000000fd380000,0x00000000fe980000)
 ParOldGen       total 175104K, used 68199K [0x00000000e0000000, 0x00000000eab00000, 0x00000000f5580000)
  object space 175104K, 38% used [0x00000000e0000000,0x00000000e4299e50,0x00000000eab00000)
 Metaspace       used 83752K, capacity 88076K, committed 88320K, reserved 1124352K
  class space    used 11662K, capacity 12537K, committed 12544K, reserved 1048576K
}
Event: 364.529 GC heap before
{Heap before GC invocations=20 (full 3):
 PSYoungGen      total 148992K, used 148224K [0x00000000f5580000, 0x0000000100000000, 0x0000000100000000)
  eden space 129024K, 100% used [0x00000000f5580000,0x00000000fd380000,0x00000000fd380000)
  from space 19968K, 96% used [0x00000000fe980000,0x00000000ffc40128,0x00000000ffd00000)
  to   space 22528K, 0% used [0x00000000fd380000,0x00000000fd380000,0x00000000fe980000)
 ParOldGen       total 175104K, used 68199K [0x00000000e0000000, 0x00000000eab00000, 0x00000000f5580000)
  object space 175104K, 38% used [0x00000000e0000000,0x00000000e4299e50,0x00000000eab00000)
 Metaspace       used 86965K, capacity 91560K, committed 91776K, reserved 1128448K
  class space    used 12226K, capacity 13119K, committed 13184K, reserved 1048576K
Event: 364.688 GC heap after
Heap after GC invocations=20 (full 3):
 PSYoungGen      total 151552K, used 22512K [0x00000000f5580000, 0x0000000100000000, 0x0000000100000000)
  eden space 129024K, 0% used [0x00000000f5580000,0x00000000f5580000,0x00000000fd380000)
  from space 22528K, 99% used [0x00000000fd380000,0x00000000fe97c388,0x00000000fe980000)
  to   space 23040K, 0% used [0x00000000fe980000,0x00000000fe980000,0x0000000100000000)
 ParOldGen       total 175104K, used 109833K [0x00000000e0000000, 0x00000000eab00000, 0x00000000f5580000)
  object space 175104K, 62% used [0x00000000e0000000,0x00000000e6b42578,0x00000000eab00000)
 Metaspace       used 86965K, capacity 91560K, committed 91776K, reserved 1128448K
  class space    used 12226K, capacity 13119K, committed 13184K, reserved 1048576K
}
Event: 367.035 GC heap before
{Heap before GC invocations=21 (full 3):
 PSYoungGen      total 151552K, used 151536K [0x00000000f5580000, 0x0000000100000000, 0x0000000100000000)
  eden space 129024K, 100% used [0x00000000f5580000,0x00000000fd380000,0x00000000fd380000)
  from space 22528K, 99% used [0x00000000fd380000,0x00000000fe97c388,0x00000000fe980000)
  to   space 23040K, 0% used [0x00000000fe980000,0x00000000fe980000,0x0000000100000000)
 ParOldGen       total 175104K, used 109833K [0x00000000e0000000, 0x00000000eab00000, 0x00000000f5580000)
  object space 175104K, 62% used [0x00000000e0000000,0x00000000e6b42578,0x00000000eab00000)
 Metaspace       used 89588K, capacity 94650K, committed 94848K, reserved 1130496K
  class space    used 12606K, capacity 13592K, committed 13696K, reserved 1048576K
Event: 367.081 GC heap after
Heap after GC invocations=21 (full 3):
 PSYoungGen      total 100352K, used 23031K [0x00000000f5580000, 0x0000000100000000, 0x0000000100000000)
  eden space 77312K, 0% used [0x00000000f5580000,0x00000000f5580000,0x00000000fa100000)
  from space 23040K, 99% used [0x00000000fe980000,0x00000000ffffdfa8,0x0000000100000000)
  to   space 48640K, 0% used [0x00000000fa100000,0x00000000fa100000,0x00000000fd080000)
 ParOldGen       total 175104K, used 131153K [0x00000000e0000000, 0x00000000eab00000, 0x00000000f5580000)
  object space 175104K, 74% used [0x00000000e0000000,0x00000000e80144f8,0x00000000eab00000)
 Metaspace       used 89588K, capacity 94650K, committed 94848K, reserved 1130496K
  class space    used 12606K, capacity 13592K, committed 13696K, reserved 1048576K
}
Event: 367.381 GC heap before
{Heap before GC invocations=22 (full 3):
 PSYoungGen      total 100352K, used 100343K [0x00000000f5580000, 0x0000000100000000, 0x0000000100000000)
  eden space 77312K, 100% used [0x00000000f5580000,0x00000000fa100000,0x00000000fa100000)
  from space 23040K, 99% used [0x00000000fe980000,0x00000000ffffdfa8,0x0000000100000000)
  to   space 48640K, 0% used [0x00000000fa100000,0x00000000fa100000,0x00000000fd080000)
 ParOldGen       total 175104K, used 131153K [0x00000000e0000000, 0x00000000eab00000, 0x00000000f5580000)
  object space 175104K, 74% used [0x00000000e0000000,0x00000000e80144f8,0x00000000eab00000)
 Metaspace       used 89872K, capacity 94948K, committed 95104K, reserved 1130496K
  class space    used 12641K, capacity 13615K, committed 13696K, reserved 1048576K
Event: 367.418 GC heap after
Heap after GC invocations=22 (full 3):
 PSYoungGen      total 125952K, used 15151K [0x00000000f5580000, 0x0000000100000000, 0x0000000100000000)
  eden space 77312K, 0% used [0x00000000f5580000,0x00000000f5580000,0x00000000fa100000)
  from space 48640K, 31% used [0x00000000fa100000,0x00000000fafcbec0,0x00000000fd080000)
  to   space 46592K, 0% used [0x00000000fd280000,0x00000000fd280000,0x0000000100000000)
 ParOldGen       total 175104K, used 154205K [0x00000000e0000000, 0x00000000eab00000, 0x00000000f5580000)
  object space 175104K, 88% used [0x00000000e0000000,0x00000000e96977b8,0x00000000eab00000)
 Metaspace       used 89872K, capacity 94948K, committed 95104K, reserved 1130496K
  class space    used 12641K, capacity 13615K, committed 13696K, reserved 1048576K
}
Event: 367.422 GC heap before
{Heap before GC invocations=23 (full 4):
 PSYoungGen      total 125952K, used 15151K [0x00000000f5580000, 0x0000000100000000, 0x0000000100000000)
  eden space 77312K, 0% used [0x00000000f5580000,0x00000000f5580000,0x00000000fa100000)
  from space 48640K, 31% used [0x00000000fa100000,0x00000000fafcbec0,0x00000000fd080000)
  to   space 46592K, 0% used [0x00000000fd280000,0x00000000fd280000,0x0000000100000000)
 ParOldGen       total 175104K, used 154205K [0x00000000e0000000, 0x00000000eab00000, 0x00000000f5580000)
  object space 175104K, 88% used [0x00000000e0000000,0x00000000e96977b8,0x00000000eab00000)
 Metaspace       used 89872K, capacity 94948K, committed 95104K, reserved 1130496K
  class space    used 12641K, capacity 13615K, committed 13696K, reserved 1048576K
Event: 372.792 GC heap after
Heap after GC invocations=23 (full 4):
 PSYoungGen      total 125952K, used 0K [0x00000000f5580000, 0x0000000100000000, 0x0000000100000000)
  eden space 77312K, 0% used [0x00000000f5580000,0x00000000f5580000,0x00000000fa100000)
  from space 48640K, 0% used [0x00000000fa100000,0x00000000fa100000,0x00000000fd080000)
  to   space 46592K, 0% used [0x00000000fd280000,0x00000000fd280000,0x0000000100000000)
 ParOldGen       total 286720K, used 153905K [0x00000000e0000000, 0x00000000f1800000, 0x00000000f5580000)
  object space 286720K, 53% used [0x00000000e0000000,0x00000000e964c438,0x00000000f1800000)
 Metaspace       used 89714K, capacity 94510K, committed 95104K, reserved 1130496K
  class space    used 12587K, capacity 13522K, committed 13696K, reserved 1048576K
}

Deoptimization events (10 events):
Event: 367.340 Thread 0x000000001dc52800 Uncommon trap: reason=bimorphic action=maybe_recompile pc=0x0000000004d76f70 method=com.android.tools.r8.graph.n0.b(Ljava/util/function/Consumer;Lcom/android/tools/r8/graph/e0;)V @ 12
Event: 367.340 Thread 0x000000001dc52800 Uncommon trap: reason=bimorphic action=maybe_recompile pc=0x0000000004d76f70 method=com.android.tools.r8.graph.n0.b(Ljava/util/function/Consumer;Lcom/android/tools/r8/graph/e0;)V @ 12
Event: 367.340 Thread 0x000000001dc52800 Uncommon trap: reason=bimorphic action=maybe_recompile pc=0x0000000004d76f70 method=com.android.tools.r8.graph.n0.b(Ljava/util/function/Consumer;Lcom/android/tools/r8/graph/e0;)V @ 12
Event: 367.357 Thread 0x000000001dc52800 Uncommon trap: reason=unstable_if action=reinterpret pc=0x00000000047d2798 method=java.util.StringJoiner.toString()Ljava/lang/String; @ 4
Event: 372.834 Thread 0x000000001dc52800 Uncommon trap: reason=unstable_if action=reinterpret pc=0x0000000002e41808 method=java.util.TimSort.mergeHi(IIII)V @ 131
Event: 372.834 Thread 0x0000000002b99000 Uncommon trap: reason=unstable_if action=reinterpret pc=0x0000000003f4f588 method=java.util.HashMap$HashIterator.<init>(Ljava/util/HashMap;)V @ 45
Event: 372.834 Thread 0x000000001dc52800 Uncommon trap: reason=unstable_if action=reinterpret pc=0x0000000004211e38 method=java.util.TimSort.mergeLo(IIII)V @ 87
Event: 372.834 Thread 0x0000000002b99000 Uncommon trap: reason=unstable_if action=reinterpret pc=0x0000000003c504cc method=java.util.HashMap$HashIterator.<init>(Ljava/util/HashMap;)V @ 45
Event: 373.115 Thread 0x000000001dc52800 Uncommon trap: reason=unstable_if action=reinterpret pc=0x0000000004e66d38 method=com.android.tools.r8.graph.O.t()Lcom/android/tools/r8/graph/W; @ 4
Event: 373.167 Thread 0x000000001dc52800 Uncommon trap: reason=unstable_if action=reinterpret pc=0x0000000004896258 method=com.android.tools.r8.w.a.a.a.h.V0.a(Ljava/lang/Object;I)I @ 69

Internal exceptions (10 events):
Event: 362.088 Thread 0x00000000171d6000 Exception <a 'sun/nio/fs/WindowsException'> (0x00000000fb56ebf0) thrown at [C:\workspace\8-2-build-windows-amd64-cygwin\jdk8u65\4987\hotspot\src\share\vm\prims\jni.cpp, line 709]
Event: 362.106 Thread 0x000000001dc4e800 Exception <a 'sun/nio/fs/WindowsException'> (0x00000000fb8cd320) thrown at [C:\workspace\8-2-build-windows-amd64-cygwin\jdk8u65\4987\hotspot\src\share\vm\prims\jni.cpp, line 709]
Event: 362.106 Thread 0x000000001dc4e800 Exception <a 'sun/nio/fs/WindowsException'> (0x00000000fb8cda98) thrown at [C:\workspace\8-2-build-windows-amd64-cygwin\jdk8u65\4987\hotspot\src\share\vm\prims\jni.cpp, line 709]
Event: 362.111 Thread 0x000000001dc4e800 Exception <a 'java/lang/NoSuchMethodError': java.lang.Object.lambda$asRunnable$0(Lcom/android/tools/build/apkzlib/utils/IOExceptionRunnable;)V> (0x00000000fb9cbb38) thrown at [C:\workspace\8-2-build-windows-amd64-cygwin\jdk8u65\4987\hotspot\src\share\vm\in@U®È£v@
Event: 362.245 Thread 0x000000001dc4e800 Exception <a 'java/lang/NoSuchMethodError': java.lang.Object.newSystemTemporaryDirectory()Lcom/android/tools/build/apkzlib/bytestorage/TemporaryDirectory;> (0x00000000fc525d98) thrown at [C:\workspace\8-2-build-windows-amd64-cygwin\jdk8u65\4987\hotspot\srcQÙ¿«@µv@
Event: 363.328 Thread 0x000000001dc4c800 Exception <a 'sun/nio/fs/WindowsException'> (0x00000000fbf39be0) thrown at [C:\workspace\8-2-build-windows-amd64-cygwin\jdk8u65\4987\hotspot\src\share\vm\prims\jni.cpp, line 709]
Event: 364.941 Thread 0x000000001dc4c800 Exception <a 'java/lang/IncompatibleClassChangeError': Found class java.lang.Object, but interface was expected> (0x00000000f763d3f0) thrown at [C:\workspace\8-2-build-windows-amd64-cygwin\jdk8u65\4987\hotspot\src\share\vm\interpreter\linkResolver.cpp, lin˛Õ0ZÃ”v@
Event: 365.237 Thread 0x000000001dc54800 Implicit null exception at 0x0000000004cf46fc to 0x0000000004cf4cc1
Event: 365.237 Thread 0x000000001dc55800 Implicit null exception at 0x0000000004cf46fc to 0x0000000004cf4cc1
Event: 365.262 Thread 0x000000001dc52800 Implicit null exception at 0x0000000004cf46fc to 0x0000000004cf4cc1

Events (10 events):
Event: 373.245 Thread 0x0000000014240000 flushing nmethod 0x0000000004bc6910
Event: 373.245 Thread 0x0000000014240000 flushing nmethod 0x0000000004bc87d0
Event: 373.245 Thread 0x0000000014240000 flushing nmethod 0x0000000004be0610
Event: 373.245 Thread 0x0000000014240000 flushing nmethod 0x0000000004be4050
Event: 373.245 Thread 0x0000000014240000 flushing nmethod 0x0000000004bedc50
Event: 373.245 Thread 0x0000000014240000 flushing nmethod 0x0000000004bf1150
Event: 373.246 Thread 0x0000000014240000 flushing nmethod 0x0000000004c1b990
Event: 373.246 Thread 0x0000000014240000 flushing nmethod 0x0000000004c28a10
Event: 373.246 Thread 0x0000000014240000 flushing nmethod 0x0000000004c34590
Event: 373.246 Thread 0x0000000014240000 flushing nmethod 0x0000000004c38b50


Dynamic libraries:
0x00007ff696de0000 - 0x00007ff696e17000 	C:\Program Files\Java\jdk1.8.0_65\bin\java.exe
0x00007ff865a50000 - 0x00007ff865c45000 	C:\WINDOWS\SYSTEM32\ntdll.dll
0x00007ff8656e0000 - 0x00007ff86579e000 	C:\WINDOWS\System32\KERNEL32.DLL
0x00007ff863170000 - 0x00007ff863438000 	C:\WINDOWS\System32\KERNELBASE.dll
0x00007ff863f50000 - 0x00007ff863ffc000 	C:\WINDOWS\System32\ADVAPI32.dll
0x00007ff865440000 - 0x00007ff8654de000 	C:\WINDOWS\System32\msvcrt.dll
0x00007ff8655e0000 - 0x00007ff86567b000 	C:\WINDOWS\System32\sechost.dll
0x00007ff864480000 - 0x00007ff8645aa000 	C:\WINDOWS\System32\RPCRT4.dll
0x00007ff863c50000 - 0x00007ff863df1000 	C:\WINDOWS\System32\USER32.dll
0x00007ff863960000 - 0x00007ff863982000 	C:\WINDOWS\System32\win32u.dll
0x00007ff865950000 - 0x00007ff86597b000 	C:\WINDOWS\System32\GDI32.dll
0x00007ff863990000 - 0x00007ff863a9b000 	C:\WINDOWS\System32\gdi32full.dll
0x00007ff8635f0000 - 0x00007ff86368d000 	C:\WINDOWS\System32\msvcp_win.dll
0x00007ff8637a0000 - 0x00007ff8638a0000 	C:\WINDOWS\System32\ucrtbase.dll
0x00007ff84bad0000 - 0x00007ff84bd6a000 	C:\WINDOWS\WinSxS\amd64_microsoft.windows.common-controls_6595b64144ccf1df_6.0.19041.1110_none_60b5254171f9507e\COMCTL32.dll
0x00007ff8659e0000 - 0x00007ff865a10000 	C:\WINDOWS\System32\IMM32.DLL
0x00000000010b0000 - 0x00000000010c3000 	C:\WINDOWS\System32\umppc14505.dll
0x00000000741b0000 - 0x0000000074282000 	C:\Program Files\Java\jdk1.8.0_65\jre\bin\msvcr100.dll
0x0000000072c70000 - 0x00000000734f9000 	C:\Program Files\Java\jdk1.8.0_65\jre\bin\server\jvm.dll
0x00007ff864cf0000 - 0x00007ff864cf8000 	C:\WINDOWS\System32\PSAPI.DLL
0x00007ff84c240000 - 0x00007ff84c249000 	C:\WINDOWS\SYSTEM32\WSOCK32.dll
0x00007ff864410000 - 0x00007ff86447b000 	C:\WINDOWS\System32\WS2_32.dll
0x00007ff84c840000 - 0x00007ff84c867000 	C:\WINDOWS\SYSTEM32\WINMM.dll
0x00007ff85e350000 - 0x00007ff85e35a000 	C:\WINDOWS\SYSTEM32\VERSION.dll
0x00000000741a0000 - 0x00000000741af000 	C:\Program Files\Java\jdk1.8.0_65\jre\bin\verify.dll
0x0000000073ef0000 - 0x0000000073f19000 	C:\Program Files\Java\jdk1.8.0_65\jre\bin\java.dll
0x0000000074180000 - 0x0000000074196000 	C:\Program Files\Java\jdk1.8.0_65\jre\bin\zip.dll
0x00007ff8645b0000 - 0x00007ff864cef000 	C:\WINDOWS\System32\SHELL32.dll
0x00007ff861210000 - 0x00007ff8619a0000 	C:\WINDOWS\SYSTEM32\windows.storage.dll
0x00007ff864000000 - 0x00007ff864355000 	C:\WINDOWS\System32\combase.dll
0x00007ff862a10000 - 0x00007ff862a3e000 	C:\WINDOWS\SYSTEM32\Wldp.dll
0x00007ff863e00000 - 0x00007ff863ead000 	C:\WINDOWS\System32\SHCORE.dll
0x00007ff865680000 - 0x00007ff8656d5000 	C:\WINDOWS\System32\shlwapi.dll
0x00007ff8630b0000 - 0x00007ff8630cf000 	C:\WINDOWS\SYSTEM32\profapi.dll
0x0000000073ed0000 - 0x0000000073eea000 	C:\Program Files\Java\jdk1.8.0_65\jre\bin\net.dll
0x00007ff8627f0000 - 0x00007ff86285a000 	C:\WINDOWS\system32\mswsock.dll
0x0000000073eb0000 - 0x0000000073ec1000 	C:\Program Files\Java\jdk1.8.0_65\jre\bin\nio.dll
0x00007ff850dc0000 - 0x00007ff850de7000 	C:\Users\hailt\.gradle\native\49d0259a56938c7f99b2704e745ce422c4f750a7a20b539a32ccef96729676b1\windows-amd64\native-platform.dll
0x00007ff82ab70000 - 0x00007ff82ad06000 	C:\Users\hailt\.gradle\native\12488b8bf47d2d4c9fbf2f6322a914ad602e24e48041cd04a747c6da556b65c4\windows-amd64\native-platform-file-events.dll
0x0000000073ea0000 - 0x0000000073ead000 	C:\Program Files\Java\jdk1.8.0_65\jre\bin\management.dll
0x00007ff862a50000 - 0x00007ff862a68000 	C:\WINDOWS\SYSTEM32\CRYPTSP.dll
0x00007ff862190000 - 0x00007ff8621c4000 	C:\WINDOWS\system32\rsaenh.dll
0x00007ff8638a0000 - 0x00007ff8638c7000 	C:\WINDOWS\System32\bcrypt.dll
0x00007ff863070000 - 0x00007ff86309e000 	C:\WINDOWS\SYSTEM32\USERENV.dll
0x00007ff8638d0000 - 0x00007ff863953000 	C:\WINDOWS\System32\bcryptprimitives.dll
0x00007ff862980000 - 0x00007ff86298c000 	C:\WINDOWS\SYSTEM32\CRYPTBASE.dll
0x00007ff862500000 - 0x00007ff86253b000 	C:\WINDOWS\SYSTEM32\IPHLPAPI.DLL
0x00007ff863f40000 - 0x00007ff863f48000 	C:\WINDOWS\System32\NSI.dll
0x00007ff85e910000 - 0x00007ff85e927000 	C:\WINDOWS\SYSTEM32\dhcpcsvc6.DLL
0x00007ff85e8f0000 - 0x00007ff85e90d000 	C:\WINDOWS\SYSTEM32\dhcpcsvc.DLL
0x00007ff862540000 - 0x00007ff86260b000 	C:\WINDOWS\SYSTEM32\DNSAPI.dll
0x0000000073e70000 - 0x0000000073e94000 	C:\Program Files\Java\jdk1.8.0_65\jre\bin\sunec.dll
0x00007ff83efe0000 - 0x00007ff83eff7000 	C:\WINDOWS\system32\napinsp.dll
0x00007ff83efc0000 - 0x00007ff83efdb000 	C:\WINDOWS\system32\pnrpnsp.dll
0x00007ff83f280000 - 0x00007ff83f295000 	C:\WINDOWS\system32\wshbth.dll
0x00007ff85de60000 - 0x00007ff85de7d000 	C:\WINDOWS\system32\NLAapi.dll
0x00007ff83f2c0000 - 0x00007ff83f2d2000 	C:\WINDOWS\System32\winrnr.dll
0x00007ff85c450000 - 0x00007ff85c45a000 	C:\Windows\System32\rasadhlp.dll
0x00007ff85e930000 - 0x00007ff85e9af000 	C:\WINDOWS\System32\fwpuclnt.dll

VM Arguments:
jvm_args: -XX:MaxMetaspaceSize=256m -XX:+HeapDumpOnOutOfMemoryError -Xms256m -Xmx512m -Dfile.encoding=windows-1252 -Duser.country=US -Duser.language=en -Duser.variant 
java_command: org.gradle.launcher.daemon.bootstrap.GradleDaemon 6.9
java_class_path (initial): C:\Users\hailt\.gradle\wrapper\dists\gradle-6.9-all\dooywd8nv05k16orzxge2b1bs\gradle-6.9\lib\gradle-launcher-6.9.jar
Launcher Type: SUN_STANDARD

Environment Variables:
JAVA_HOME=C:\Program Files\Java\jdk1.8.0_65
JRE_HOME=C:\Program Files\Java\jre1.8.0_65
CLASSPATH=D:\Projects\Honda\New folder\ScanDemo\android\\gradle\wrapper\gradle-wrapper.jar
PATH=D:\Projects\Honda\New folder\ScanDemo\android\node_modules\.bin;D:\Projects\Honda\New folder\ScanDemo\node_modules\.bin;D:\Projects\Honda\New folder\node_modules\.bin;D:\Projects\Honda\node_modules\.bin;D:\Projects\node_modules\.bin;D:\node_modules\.bin;C:\Program Files\nodejs;D:\Projects\Honda\New folder\ScanDemo\node_modules\.bin;D:\Projects\Honda\New folder\node_modules\.bin;D:\Projects\Honda\node_modules\.bin;D:\Projects\node_modules\.bin;D:\node_modules\.bin;C:\Program Files\nodejs\node_modules\npm\node_modules\@npmcli\run-script\lib\node-gyp-bin;C:\Python38\Scripts\;C:\Python38\;C:\Python27\;C:\Python27\Scripts;D:\app\client\hailt\product\12.2.0\client_1\bin;C:\ProgramData\Oracle\Java\javapath;C:\WINDOWS\system32;C:\WINDOWS;C:\WINDOWS\System32\Wbem;C:\WINDOWS\System32\WindowsPowerShell\v1.0\;C:\WINDOWS\System32\OpenSSH\;C:\Program Files\TortoiseSVN\bin;C:\Program Files (x86)\Microsoft SQL Server\90\Tools\binn\;C:\Program Files\Git\cmd;%ANDROID_HOME\bin%;C:\ProgramData\chocolatey\bin;C:\Program Files\Microsoft VS Code\bin;C:\Program Files (x86)\Intel\Intel(R) Management Engine Components\DAL;C:\Program Files\Intel\Intel(R) Management Engine Components\DAL;C:\Program Files\TortoiseGit\bin;C:\Program Files\Graphviz\bin;C:\Program Files\nodejs\;C:\Users\hailt\AppData\Local\Microsoft\WindowsApps;C:\Users\hailt\AppData\Local\Yarn\bin;C:\Users\hailt\AppData\Roaming\npm;D:\Projects\Honda\New folder\ScanDemo\node_modules\.bin
USERNAME=hailt
OS=Windows_NT
PROCESSOR_IDENTIFIER=Intel64 Family 6 Model 158 Stepping 10, GenuineIntel



---------------  S Y S T E M  ---------------

OS: Windows 10.0 , 64 bit Build 19041 (10.0.19041.1348)

CPU:total 6 (6 cores per cpu, 1 threads per core) family 6 model 158 stepping 10, cmov, cx8, fxsr, mmx, sse, sse2, sse3, ssse3, sse4.1, sse4.2, popcnt, avx, avx2, aes, clmul, erms, 3dnowpref, lzcnt, tsc, tscinvbit, bmi1, bmi2, adx

Memory: 4k page, physical 8206736k(319772k free), swap 33372560k(5696k free)

vm_info: Java HotSpot(TM) 64-Bit Server VM (25.65-b01) for windows-amd64 JRE (1.8.0_65-b17), built on Oct  6 2015 16:39:20 by "java_re" with MS VC++ 10.0 (VS2010)

time: Thu Dec 09 12:53:24 2021
elapsed time: 373 seconds (0d 0h 6m 13s)

